[2025-12-02T17:00:00.852Z] scheduled run starting
[2025-12-02T17:00:03.131Z] VA result: no-change or null
[2025-12-02T17:00:04.079Z] eSundhed result: no-change or null
[2025-12-02T17:00:04.080Z] scheduled run complete (duration_ms=3233)
[2025-12-09T16:28:48.393Z] startup FactSet error region=CPH index=KAXCAP: Command failed: python3 /Users/tobias/Desktop/PROG/VA OPAL Scraper/workers/indexes/main.py --region CPH --index-id KAXCAP
Traceback (most recent call last):
  File "/Users/tobias/Desktop/PROG/VA OPAL Scraper/workers/indexes/main.py", line 6, in <module>
    from factset_client import fetch_index_raw
  File "/Users/tobias/Desktop/PROG/VA OPAL Scraper/workers/indexes/factset_client.py", line 6, in <module>
    import pandas as pd
ModuleNotFoundError: No module named 'pandas'

[2025-12-09T16:28:48.430Z] startup FactSet error region=HEL index=HELXCAP: Command failed: python3 /Users/tobias/Desktop/PROG/VA OPAL Scraper/workers/indexes/main.py --region HEL --index-id HELXCAP
Traceback (most recent call last):
  File "/Users/tobias/Desktop/PROG/VA OPAL Scraper/workers/indexes/main.py", line 6, in <module>
    from factset_client import fetch_index_raw
  File "/Users/tobias/Desktop/PROG/VA OPAL Scraper/workers/indexes/factset_client.py", line 6, in <module>
    import pandas as pd
ModuleNotFoundError: No module named 'pandas'

[2025-12-09T16:28:48.462Z] startup FactSet error region=STO index=OMXSALLS: Command failed: python3 /Users/tobias/Desktop/PROG/VA OPAL Scraper/workers/indexes/main.py --region STO --index-id OMXSALLS
Traceback (most recent call last):
  File "/Users/tobias/Desktop/PROG/VA OPAL Scraper/workers/indexes/main.py", line 6, in <module>
    from factset_client import fetch_index_raw
  File "/Users/tobias/Desktop/PROG/VA OPAL Scraper/workers/indexes/factset_client.py", line 6, in <module>
    import pandas as pd
ModuleNotFoundError: No module named 'pandas'

[2026-01-20T12:13:51.888Z] startup FactSet error region=CPH index=KAXCAP: Command failed: python3 /Users/tobias/Desktop/PROG/VA OPAL Scraper/workers/indexes/main.py --region CPH --index-id KAXCAP
Traceback (most recent call last):
  File "/Users/tobias/Desktop/PROG/VA OPAL Scraper/workers/indexes/main.py", line 75, in <module>
    run_update()
    ~~~~~~~~~~^^
  File "/Users/tobias/Desktop/PROG/VA OPAL Scraper/workers/indexes/main.py", line 35, in run_update
    upsert_index_constituents(df_status)
    ~~~~~~~~~~~~~~~~~~~~~~~~~^^^^^^^^^^^
  File "/Users/tobias/Desktop/PROG/VA OPAL Scraper/workers/indexes/supabase_client.py", line 171, in upsert_index_constituents
    insert_resp2.raise_for_status()
    ~~~~~~~~~~~~~~~~~~~~~~~~~~~~~^^
  File "/Users/tobias/Desktop/PROG/VA OPAL Scraper/.venv/lib/python3.13/site-packages/requests/models.py", line 1026, in raise_for_status
    raise HTTPError(http_error_msg, response=self)
requests.exceptions.HTTPError: 400 Client Error: Bad Request for url: https://gxxenoyhsafrpjmfyuwf.supabase.co/rest/v1/index_constituents_kaxcap

[2026-01-20T12:13:56.778Z] startup FactSet error region=HEL index=HELXCAP: Command failed: python3 /Users/tobias/Desktop/PROG/VA OPAL Scraper/workers/indexes/main.py --region HEL --index-id HELXCAP
Traceback (most recent call last):
  File "/Users/tobias/Desktop/PROG/VA OPAL Scraper/workers/indexes/main.py", line 75, in <module>
    run_update()
    ~~~~~~~~~~^^
  File "/Users/tobias/Desktop/PROG/VA OPAL Scraper/workers/indexes/main.py", line 35, in run_update
    upsert_index_constituents(df_status)
    ~~~~~~~~~~~~~~~~~~~~~~~~~^^^^^^^^^^^
  File "/Users/tobias/Desktop/PROG/VA OPAL Scraper/workers/indexes/supabase_client.py", line 171, in upsert_index_constituents
    insert_resp2.raise_for_status()
    ~~~~~~~~~~~~~~~~~~~~~~~~~~~~~^^
  File "/Users/tobias/Desktop/PROG/VA OPAL Scraper/.venv/lib/python3.13/site-packages/requests/models.py", line 1026, in raise_for_status
    raise HTTPError(http_error_msg, response=self)
requests.exceptions.HTTPError: 400 Client Error: Bad Request for url: https://gxxenoyhsafrpjmfyuwf.supabase.co/rest/v1/index_constituents_helxcap

[2026-01-20T12:14:01.741Z] startup FactSet error region=STO index=OMXSALLS: Command failed: python3 /Users/tobias/Desktop/PROG/VA OPAL Scraper/workers/indexes/main.py --region STO --index-id OMXSALLS
Traceback (most recent call last):
  File "/Users/tobias/Desktop/PROG/VA OPAL Scraper/workers/indexes/main.py", line 75, in <module>
    run_update()
    ~~~~~~~~~~^^
  File "/Users/tobias/Desktop/PROG/VA OPAL Scraper/workers/indexes/main.py", line 35, in run_update
    upsert_index_constituents(df_status)
    ~~~~~~~~~~~~~~~~~~~~~~~~~^^^^^^^^^^^
  File "/Users/tobias/Desktop/PROG/VA OPAL Scraper/workers/indexes/supabase_client.py", line 171, in upsert_index_constituents
    insert_resp2.raise_for_status()
    ~~~~~~~~~~~~~~~~~~~~~~~~~~~~~^^
  File "/Users/tobias/Desktop/PROG/VA OPAL Scraper/.venv/lib/python3.13/site-packages/requests/models.py", line 1026, in raise_for_status
    raise HTTPError(http_error_msg, response=self)
requests.exceptions.HTTPError: 400 Client Error: Bad Request for url: https://gxxenoyhsafrpjmfyuwf.supabase.co/rest/v1/index_constituents_omxsalls

[2026-01-20T12:26:52.963Z] startup FactSet error region=CPH index=KAXCAP: Command failed: python3 /Users/tobias/Desktop/PROG/VA OPAL Scraper/workers/indexes/main.py --region CPH --index-id KAXCAP
Traceback (most recent call last):
  File "/Users/tobias/Desktop/PROG/VA OPAL Scraper/workers/indexes/main.py", line 75, in <module>
    run_update()
    ~~~~~~~~~~^^
  File "/Users/tobias/Desktop/PROG/VA OPAL Scraper/workers/indexes/main.py", line 35, in run_update
    upsert_index_constituents(df_status)
    ~~~~~~~~~~~~~~~~~~~~~~~~~^^^^^^^^^^^
  File "/Users/tobias/Desktop/PROG/VA OPAL Scraper/workers/indexes/supabase_client.py", line 172, in upsert_index_constituents
    insert_resp2.raise_for_status()
    ~~~~~~~~~~~~~~~~~~~~~~~~~~~~~^^
  File "/Users/tobias/Desktop/PROG/VA OPAL Scraper/.venv/lib/python3.13/site-packages/requests/models.py", line 1026, in raise_for_status
    raise HTTPError(http_error_msg, response=self)
requests.exceptions.HTTPError: 400 Client Error: Bad Request for url: https://gxxenoyhsafrpjmfyuwf.supabase.co/rest/v1/index_constituents_kaxcap

[2026-01-20T12:26:57.430Z] startup FactSet error region=HEL index=HELXCAP: Command failed: python3 /Users/tobias/Desktop/PROG/VA OPAL Scraper/workers/indexes/main.py --region HEL --index-id HELXCAP
Traceback (most recent call last):
  File "/Users/tobias/Desktop/PROG/VA OPAL Scraper/workers/indexes/main.py", line 75, in <module>
    run_update()
    ~~~~~~~~~~^^
  File "/Users/tobias/Desktop/PROG/VA OPAL Scraper/workers/indexes/main.py", line 35, in run_update
    upsert_index_constituents(df_status)
    ~~~~~~~~~~~~~~~~~~~~~~~~~^^^^^^^^^^^
  File "/Users/tobias/Desktop/PROG/VA OPAL Scraper/workers/indexes/supabase_client.py", line 172, in upsert_index_constituents
    insert_resp2.raise_for_status()
    ~~~~~~~~~~~~~~~~~~~~~~~~~~~~~^^
  File "/Users/tobias/Desktop/PROG/VA OPAL Scraper/.venv/lib/python3.13/site-packages/requests/models.py", line 1026, in raise_for_status
    raise HTTPError(http_error_msg, response=self)
requests.exceptions.HTTPError: 400 Client Error: Bad Request for url: https://gxxenoyhsafrpjmfyuwf.supabase.co/rest/v1/index_constituents_helxcap

[2026-01-20T12:27:02.319Z] startup FactSet error region=STO index=OMXSALLS: Command failed: python3 /Users/tobias/Desktop/PROG/VA OPAL Scraper/workers/indexes/main.py --region STO --index-id OMXSALLS
Traceback (most recent call last):
  File "/Users/tobias/Desktop/PROG/VA OPAL Scraper/workers/indexes/main.py", line 75, in <module>
    run_update()
    ~~~~~~~~~~^^
  File "/Users/tobias/Desktop/PROG/VA OPAL Scraper/workers/indexes/main.py", line 35, in run_update
    upsert_index_constituents(df_status)
    ~~~~~~~~~~~~~~~~~~~~~~~~~^^^^^^^^^^^
  File "/Users/tobias/Desktop/PROG/VA OPAL Scraper/workers/indexes/supabase_client.py", line 172, in upsert_index_constituents
    insert_resp2.raise_for_status()
    ~~~~~~~~~~~~~~~~~~~~~~~~~~~~~^^
  File "/Users/tobias/Desktop/PROG/VA OPAL Scraper/.venv/lib/python3.13/site-packages/requests/models.py", line 1026, in raise_for_status
    raise HTTPError(http_error_msg, response=self)
requests.exceptions.HTTPError: 400 Client Error: Bad Request for url: https://gxxenoyhsafrpjmfyuwf.supabase.co/rest/v1/index_constituents_omxsalls

[2026-01-20T13:12:02.311Z] startup FactSet error region=CPH index=KAXCAP: Command failed: python3 /Users/tobias/Desktop/PROG/VA OPAL Scraper/workers/indexes/main.py --region CPH --index-id KAXCAP
Traceback (most recent call last):
  File "/Users/tobias/Desktop/PROG/VA OPAL Scraper/workers/indexes/main.py", line 6, in <module>
    from factset_client import fetch_index_raw
  File "/Users/tobias/Desktop/PROG/VA OPAL Scraper/workers/indexes/factset_client.py", line 6, in <module>
    import pandas as pd
ModuleNotFoundError: No module named 'pandas'

[2026-01-20T13:12:02.344Z] startup FactSet error region=HEL index=HELXCAP: Command failed: python3 /Users/tobias/Desktop/PROG/VA OPAL Scraper/workers/indexes/main.py --region HEL --index-id HELXCAP
Traceback (most recent call last):
  File "/Users/tobias/Desktop/PROG/VA OPAL Scraper/workers/indexes/main.py", line 6, in <module>
    from factset_client import fetch_index_raw
  File "/Users/tobias/Desktop/PROG/VA OPAL Scraper/workers/indexes/factset_client.py", line 6, in <module>
    import pandas as pd
ModuleNotFoundError: No module named 'pandas'

[2026-01-20T13:12:02.379Z] startup FactSet error region=STO index=OMXSALLS: Command failed: python3 /Users/tobias/Desktop/PROG/VA OPAL Scraper/workers/indexes/main.py --region STO --index-id OMXSALLS
Traceback (most recent call last):
  File "/Users/tobias/Desktop/PROG/VA OPAL Scraper/workers/indexes/main.py", line 6, in <module>
    from factset_client import fetch_index_raw
  File "/Users/tobias/Desktop/PROG/VA OPAL Scraper/workers/indexes/factset_client.py", line 6, in <module>
    import pandas as pd
ModuleNotFoundError: No module named 'pandas'

[2026-01-20T13:18:34.729Z] startup FactSet error region=CPH index=KAXCAP: Command failed: python3 /Users/tobias/Desktop/PROG/VA OPAL Scraper/workers/indexes/main.py --region CPH --index-id KAXCAP
Traceback (most recent call last):
  File "/Users/tobias/Desktop/PROG/VA OPAL Scraper/workers/indexes/main.py", line 6, in <module>
    from factset_client import fetch_index_raw
  File "/Users/tobias/Desktop/PROG/VA OPAL Scraper/workers/indexes/factset_client.py", line 6, in <module>
    import pandas as pd
ModuleNotFoundError: No module named 'pandas'

[2026-01-20T13:18:34.766Z] startup FactSet error region=HEL index=HELXCAP: Command failed: python3 /Users/tobias/Desktop/PROG/VA OPAL Scraper/workers/indexes/main.py --region HEL --index-id HELXCAP
Traceback (most recent call last):
  File "/Users/tobias/Desktop/PROG/VA OPAL Scraper/workers/indexes/main.py", line 6, in <module>
    from factset_client import fetch_index_raw
  File "/Users/tobias/Desktop/PROG/VA OPAL Scraper/workers/indexes/factset_client.py", line 6, in <module>
    import pandas as pd
ModuleNotFoundError: No module named 'pandas'

[2026-01-20T13:18:34.800Z] startup FactSet error region=STO index=OMXSALLS: Command failed: python3 /Users/tobias/Desktop/PROG/VA OPAL Scraper/workers/indexes/main.py --region STO --index-id OMXSALLS
Traceback (most recent call last):
  File "/Users/tobias/Desktop/PROG/VA OPAL Scraper/workers/indexes/main.py", line 6, in <module>
    from factset_client import fetch_index_raw
  File "/Users/tobias/Desktop/PROG/VA OPAL Scraper/workers/indexes/factset_client.py", line 6, in <module>
    import pandas as pd
ModuleNotFoundError: No module named 'pandas'

[2026-01-20T13:20:00.011Z] startup FactSet ok region=CPH index=KAXCAP
[2026-01-20T13:20:03.958Z] startup FactSet ok region=HEL index=HELXCAP
[2026-01-20T13:20:08.450Z] startup FactSet ok region=STO index=OMXSALLS
[2026-01-20T13:35:54.328Z] startup FactSet ok region=CPH index=KAXCAP
[2026-01-20T13:35:58.132Z] startup FactSet ok region=HEL index=HELXCAP
[2026-01-20T13:36:02.658Z] startup FactSet ok region=STO index=OMXSALLS
[2026-01-20T15:00:00.619Z] scheduled run starting
[2026-01-20T15:00:03.165Z] VA result: no-change or null
[2026-01-20T15:00:03.936Z] eSundhed result: no-change or null
[2026-01-20T15:00:03.987Z] FactSet run error region=CPH index=KAXCAP: Command failed: python3 /Users/tobias/Desktop/PROG/VA OPAL Scraper/workers/indexes/main.py --region CPH --index-id KAXCAP
Traceback (most recent call last):
  File "/Users/tobias/Desktop/PROG/VA OPAL Scraper/workers/indexes/main.py", line 6, in <module>
    from factset_client import fetch_index_raw
  File "/Users/tobias/Desktop/PROG/VA OPAL Scraper/workers/indexes/factset_client.py", line 6, in <module>
    import pandas as pd
ModuleNotFoundError: No module named 'pandas'

[2026-01-20T15:00:04.022Z] FactSet run error region=HEL index=HELXCAP: Command failed: python3 /Users/tobias/Desktop/PROG/VA OPAL Scraper/workers/indexes/main.py --region HEL --index-id HELXCAP
Traceback (most recent call last):
  File "/Users/tobias/Desktop/PROG/VA OPAL Scraper/workers/indexes/main.py", line 6, in <module>
    from factset_client import fetch_index_raw
  File "/Users/tobias/Desktop/PROG/VA OPAL Scraper/workers/indexes/factset_client.py", line 6, in <module>
    import pandas as pd
ModuleNotFoundError: No module named 'pandas'

[2026-01-20T15:00:04.055Z] FactSet run error region=STO index=OMXSALLS: Command failed: python3 /Users/tobias/Desktop/PROG/VA OPAL Scraper/workers/indexes/main.py --region STO --index-id OMXSALLS
Traceback (most recent call last):
  File "/Users/tobias/Desktop/PROG/VA OPAL Scraper/workers/indexes/main.py", line 6, in <module>
    from factset_client import fetch_index_raw
  File "/Users/tobias/Desktop/PROG/VA OPAL Scraper/workers/indexes/factset_client.py", line 6, in <module>
    import pandas as pd
ModuleNotFoundError: No module named 'pandas'

[2026-01-20T15:00:04.055Z] scheduled run complete (duration_ms=3440)
[2026-01-26T10:37:09.630Z] startup FactSet ok region=CPH index=KAXCAP
[2026-01-26T10:37:14.635Z] startup FactSet ok region=HEL index=HELXCAP
[2026-01-26T10:38:13.042Z] startup FactSet ok region=CPH index=KAXCAP
[2026-01-26T10:38:17.198Z] startup FactSet ok region=HEL index=HELXCAP
[2026-01-26T10:44:34.010Z] startup FactSet ok region=CPH index=KAXCAP
[2026-01-26T10:44:38.046Z] startup FactSet ok region=HEL index=HELXCAP
[2026-01-26T10:46:06.112Z] startup FactSet ok region=CPH index=KAXCAP
[2026-01-26T10:46:09.932Z] startup FactSet ok region=HEL index=HELXCAP
[2026-01-26T10:54:49.038Z] startup FactSet ok region=CPH index=KAXCAP
[2026-01-26T10:54:53.391Z] startup FactSet ok region=HEL index=HELXCAP
[2026-01-26T11:01:35.280Z] startup FactSet ok region=CPH index=KAXCAP
[2026-01-26T11:01:39.333Z] startup FactSet ok region=HEL index=HELXCAP
[2026-01-26T11:09:11.854Z] startup FactSet ok region=CPH index=KAXCAP
[2026-01-26T11:09:16.055Z] startup FactSet ok region=HEL index=HELXCAP
[2026-01-26T12:35:12.769Z] startup FactSet ok region=CPH index=KAXCAP
[2026-01-26T12:35:17.335Z] startup FactSet ok region=HEL index=HELXCAP
[2026-01-26T13:22:48.953Z] startup FactSet ok region=CPH index=KAXCAP
[2026-01-26T13:22:53.464Z] startup FactSet ok region=HEL index=HELXCAP
[2026-01-26T13:32:23.672Z] startup FactSet ok region=CPH index=KAXCAP
[2026-01-26T13:32:28.453Z] startup FactSet ok region=HEL index=HELXCAP
[2026-01-26T13:42:24.767Z] startup FactSet ok region=CPH index=KAXCAP
[2026-01-26T13:42:28.894Z] startup FactSet ok region=HEL index=HELXCAP
[2026-01-26T13:51:38.876Z] startup FactSet ok region=CPH index=KAXCAP
[2026-01-26T13:51:42.928Z] startup FactSet ok region=HEL index=HELXCAP
[2026-01-26T16:39:43.014Z] startup FactSet batch starting
[2026-01-26T16:39:50.222Z] startup FactSet ok region=CPH index=KAXCAP
[2026-01-26T16:39:55.574Z] startup FactSet ok region=HEL index=HELXCAP
[2026-01-26T16:39:55.575Z] startup FactSet batch complete
[2026-02-04T09:05:21.028Z] startup FactSet batch starting
[2026-02-04T09:05:28.565Z] startup FactSet ok region=CPH index=KAXCAP
[2026-02-04T09:05:33.463Z] startup FactSet ok region=HEL index=HELXCAP
[2026-02-04T09:05:33.463Z] startup FactSet batch complete
[2026-02-04T09:06:04.276Z] startup FactSet batch starting
[2026-02-04T09:06:08.717Z] startup FactSet ok region=CPH index=KAXCAP
[2026-02-04T09:06:12.904Z] startup FactSet ok region=HEL index=HELXCAP
[2026-02-04T09:06:12.905Z] startup FactSet batch complete
[2026-02-04T13:02:26.065Z] startup FactSet batch starting
[2026-02-04T13:02:31.957Z] startup FactSet ok region=CPH index=KAXCAP
[2026-02-04T13:02:38.217Z] startup FactSet ok region=HEL index=HELXCAP
[2026-02-04T13:02:38.217Z] startup FactSet batch complete
[2026-02-04T13:03:19.331Z] startup FactSet batch starting
[2026-02-04T13:03:24.030Z] startup FactSet ok region=CPH index=KAXCAP
[2026-02-04T13:03:28.807Z] startup FactSet ok region=HEL index=HELXCAP
[2026-02-04T13:03:28.807Z] startup FactSet batch complete
[2026-02-04T13:04:14.745Z] startup FactSet batch starting
[2026-02-04T13:04:19.622Z] startup FactSet ok region=CPH index=KAXCAP
[2026-02-04T13:04:23.762Z] startup FactSet ok region=HEL index=HELXCAP
[2026-02-04T13:04:23.763Z] startup FactSet batch complete
